<?xml version="1.0" encoding="UTF-8"?>
<testsuite name="JunitTest" tests="1" skipped="0" failures="0" errors="0" timestamp="2022-05-24T21:40:52" hostname="APULATJONOV" time="0.047">
  <properties/>
  <testcase name="testWrongInputException()" classname="JunitTest" time="0.047"/>
  <system-out><![CDATA[]]></system-out>
  <system-err><![CDATA[]]></system-err>
</testsuite>
