<?xml version="1.0" encoding="UTF-8"?>
<testsuite name="StringUtilsTest" tests="1" skipped="0" failures="0" errors="0" timestamp="2022-05-26T12:57:00" hostname="APULATJONOV" time="0.034">
  <properties/>
  <testcase name="testNullPointerException()" classname="StringUtilsTest" time="0.034"/>
  <system-out><![CDATA[]]></system-out>
  <system-err><![CDATA[]]></system-err>
</testsuite>
