<?xml version="1.0" encoding="UTF-8"?>
<testsuite name="StringUtilsTest" tests="1" skipped="0" failures="0" errors="0" timestamp="2022-05-25T23:22:03" hostname="APULATJONOV" time="0.05">
  <properties/>
  <testcase name="testWrongInputException()" classname="StringUtilsTest" time="0.05"/>
  <system-out><![CDATA[]]></system-out>
  <system-err><![CDATA[]]></system-err>
</testsuite>
