<?xml version="1.0" encoding="UTF-8"?>
<testsuite name="JunitTest" tests="1" skipped="0" failures="0" errors="0" timestamp="2022-05-24T21:27:11" hostname="APULATJONOV" time="0.079">
  <properties/>
  <testcase name="testWrongInputException()" classname="JunitTest" time="0.079"/>
  <system-out><![CDATA[Input is not numeric!
]]></system-out>
  <system-err><![CDATA[]]></system-err>
</testsuite>
